<?xml version="1.0" encoding="UTF-8"?>
<!-- Generated by org.testng.reporters.JUnitReportReporter -->
<testsuite skipped="0" hostname="manju-PC" name="whatsapp_Automation.Message" tests="1" failures="0" timestamp="08 Oct 2018 03:33:39 GMT" time="38.077" errors="0">
  <testcase name="messageApp" time="38.077" classname="whatsapp_Automation.Message"/>
</testsuite> <!-- whatsapp_Automation.Message -->
