<?xml version="1.0" encoding="UTF-8"?>
<!-- Generated by org.testng.reporters.JUnitReportReporter -->
<testsuite skipped="0" hostname="manju-PC" name="mobile.QarsGM_Samsung" tests="1" failures="0" timestamp="13 Aug 2018 19:57:26 GMT" time="255.857" errors="0">
  <testcase name="Device" time="255.857" classname="mobile.QarsGM_Samsung"/>
</testsuite> <!-- mobile.QarsGM_Samsung -->
