<?xml version="1.0" encoding="UTF-8"?>
<!-- Generated by org.testng.reporters.JUnitReportReporter -->
<testsuite skipped="0" hostname="manju-PC" name="mobile.Samsung_Device" tests="1" failures="0" timestamp="13 Aug 2018 17:50:20 GMT" time="175.511" errors="0">
  <testcase name="Device" time="175.511" classname="mobile.Samsung_Device"/>
</testsuite> <!-- mobile.Samsung_Device -->
