<?xml version="1.0" encoding="UTF-8"?>
<!-- Generated by org.testng.reporters.JUnitReportReporter -->
<testsuite skipped="0" hostname="manju-PC" name="consoles.ProdR3" tests="1" failures="0" timestamp="20 Aug 2018 17:50:15 GMT" time="352.984" errors="0">
  <testcase name="healCheck" time="352.984" classname="consoles.ProdR3"/>
</testsuite> <!-- consoles.ProdR3 -->
