<?xml version="1.0" encoding="UTF-8"?>
<!-- Generated by org.testng.reporters.JUnitReportReporter -->
<testsuite skipped="0" hostname="manju-PC" name="tenantCreation.DeviceSide" tests="1" failures="0" timestamp="04 Sep 2018 17:11:10 GMT" time="131.343" errors="0">
  <testcase name="Device" time="131.343" classname="tenantCreation.DeviceSide"/>
</testsuite> <!-- tenantCreation.DeviceSide -->
